# JRE version: Java(TM) SE Runtime Environment (8.0_45-b15) (build 1.8.0_45-b15)
# Java VM: Java HotSpot(TM) 64-Bit Server VM (25.45-b02 mixed mode windows-amd64 compressed oops)
Heap:
 PSYoungGen      total 901120K, used 665467K [0x0000000740700000, 0x0000000784300000, 0x00000007c0000000)
  eden space 899072K, 73% used [0x0000000740700000,0x0000000768f50e20,0x0000000777500000)
  from space 2048K, 77% used [0x0000000783400000,0x000000078358dfb0,0x0000000783600000)
  to   space 7680K, 0% used [0x0000000783b80000,0x0000000783b80000,0x0000000784300000)
 ParOldGen       total 841728K, used 322691K [0x0000000641400000, 0x0000000674a00000, 0x0000000740700000)
  object space 841728K, 38% used [0x0000000641400000,0x0000000654f20c58,0x0000000674a00000)
 Metaspace       used 12460K, capacity 12641K, committed 12800K, reserved 1060864K
  class space    used 1182K, capacity 1251K, committed 1280K, reserved 1048576K
GC Heap History (10 events):
Event: 50.168 GC heap before
{Heap before GC invocations=29 (full 4):
 PSYoungGen      total 1057792K, used 1057670K [0x0000000740700000, 0x0000000782600000, 0x00000007c0000000)
  eden space 1054208K, 100% used [0x0000000740700000,0x0000000780c80000,0x0000000780c80000)
  from space 3584K, 96% used [0x0000000782280000,0x00000007825e1a68,0x0000000782600000)
  to   space 6656K, 0% used [0x0000000781900000,0x0000000781900000,0x0000000781f80000)
 ParOldGen       total 841728K, used 322491K [0x0000000641400000, 0x0000000674a00000, 0x0000000740700000)
  object space 841728K, 38% used [0x0000000641400000,0x0000000654eeec58,0x0000000674a00000)
 Metaspace       used 12018K, capacity 12181K, committed 12288K, reserved 1060864K
  class space    used 1171K, capacity 1251K, committed 1280K, reserved 1048576K
Event: 50.171 GC heap after
Heap after GC invocations=29 (full 4):
 PSYoungGen      total 1073664K, used 4077K [0x0000000740700000, 0x0000000785100000, 0x00000007c0000000)
  eden space 1067008K, 0% used [0x0000000740700000,0x0000000740700000,0x0000000781900000)
  from space 6656K, 61% used [0x0000000781900000,0x0000000781cfb788,0x0000000781f80000)
  to   space 7168K, 0% used [0x0000000784a00000,0x0000000784a00000,0x0000000785100000)
 ParOldGen       total 841728K, used 322499K [0x0000000641400000, 0x0000000674a00000, 0x0000000740700000)
  object space 841728K, 38% used [0x0000000641400000,0x0000000654ef0c58,0x0000000674a00000)
 Metaspace       used 12018K, capacity 12181K, committed 12288K, reserved 1060864K
  class space    used 1171K, capacity 1251K, committed 1280K, reserved 1048576K
}
Event: 125.858 GC heap before
{Heap before GC invocations=30 (full 4):
 PSYoungGen      total 1073664K, used 1071085K [0x0000000740700000, 0x0000000785100000, 0x00000007c0000000)
  eden space 1067008K, 100% used [0x0000000740700000,0x0000000781900000,0x0000000781900000)
  from space 6656K, 61% used [0x0000000781900000,0x0000000781cfb788,0x0000000781f80000)
  to   space 7168K, 0% used [0x0000000784a00000,0x0000000784a00000,0x0000000785100000)
 ParOldGen       total 841728K, used 322499K [0x0000000641400000, 0x0000000674a00000, 0x0000000740700000)
  object space 841728K, 38% used [0x0000000641400000,0x0000000654ef0c58,0x0000000674a00000)
 Metaspace       used 12082K, capacity 12245K, committed 12544K, reserved 1060864K
  class space    used 1171K, capacity 1251K, committed 1280K, reserved 1048576K
Event: 125.870 GC heap after
Heap after GC invocations=30 (full 4):
 PSYoungGen      total 1029120K, used 7142K [0x0000000740700000, 0x0000000785100000, 0x00000007c0000000)
  eden space 1021952K, 0% used [0x0000000740700000,0x0000000740700000,0x000000077ed00000)
  from space 7168K, 99% used [0x0000000784a00000,0x00000007850f9a78,0x0000000785100000)
  to   space 8192K, 0% used [0x0000000784100000,0x0000000784100000,0x0000000784900000)
 ParOldGen       total 841728K, used 322643K [0x0000000641400000, 0x0000000674a00000, 0x0000000740700000)
  object space 841728K, 38% used [0x0000000641400000,0x0000000654f14c58,0x0000000674a00000)
 Metaspace       used 12082K, capacity 12245K, committed 12544K, reserved 1060864K
  class space    used 1171K, capacity 1251K, committed 1280K, reserved 1048576K
}
Event: 136.695 GC heap before
{Heap before GC invocations=31 (full 4):
 PSYoungGen      total 1029120K, used 1029094K [0x0000000740700000, 0x0000000785100000, 0x00000007c0000000)
  eden space 1021952K, 100% used [0x0000000740700000,0x000000077ed00000,0x000000077ed00000)
  from space 7168K, 99% used [0x0000000784a00000,0x00000007850f9a78,0x0000000785100000)
  to   space 8192K, 0% used [0x0000000784100000,0x0000000784100000,0x0000000784900000)
 ParOldGen       total 841728K, used 322643K [0x0000000641400000, 0x0000000674a00000, 0x0000000740700000)
  object space 841728K, 38% used [0x0000000641400000,0x0000000654f14c58,0x0000000674a00000)
 Metaspace       used 12230K, capacity 12437K, committed 12544K, reserved 1060864K
  class space    used 1181K, capacity 1251K, committed 1280K, reserved 1048576K
Event: 136.699 GC heap after
Heap after GC invocations=31 (full 4):
 PSYoungGen      total 979968K, used 800K [0x0000000740700000, 0x0000000784a80000, 0x00000007c0000000)
  eden space 978944K, 0% used [0x0000000740700000,0x0000000740700000,0x000000077c300000)
  from space 1024K, 78% used [0x0000000784100000,0x00000007841c8010,0x0000000784200000)
  to   space 8192K, 0% used [0x0000000784280000,0x0000000784280000,0x0000000784a80000)
 ParOldGen       total 841728K, used 322691K [0x0000000641400000, 0x0000000674a00000, 0x0000000740700000)
  object space 841728K, 38% used [0x0000000641400000,0x0000000654f20c58,0x0000000674a00000)
 Metaspace       used 12230K, capacity 12437K, committed 12544K, reserved 1060864K
  class space    used 1181K, capacity 1251K, committed 1280K, reserved 1048576K
}
Event: 177.074 GC heap before
{Heap before GC invocations=32 (full 4):
 PSYoungGen      total 979968K, used 979744K [0x0000000740700000, 0x0000000784a80000, 0x00000007c0000000)
  eden space 978944K, 100% used [0x0000000740700000,0x000000077c300000,0x000000077c300000)
  from space 1024K, 78% used [0x0000000784100000,0x00000007841c8010,0x0000000784200000)
  to   space 8192K, 0% used [0x0000000784280000,0x0000000784280000,0x0000000784a80000)
 ParOldGen       total 841728K, used 322691K [0x0000000641400000, 0x0000000674a00000, 0x0000000740700000)
  object space 841728K, 38% used [0x0000000641400000,0x0000000654f20c58,0x0000000674a00000)
 Metaspace       used 12256K, capacity 12437K, committed 12544K, reserved 1060864K
  class space    used 1182K, capacity 1251K, committed 1280K, reserved 1048576K
Event: 177.078 GC heap after
Heap after GC invocations=32 (full 4):
 PSYoungGen      total 939520K, used 1207K [0x0000000740700000, 0x0000000784400000, 0x00000007c0000000)
  eden space 937984K, 0% used [0x0000000740700000,0x0000000740700000,0x0000000779b00000)
  from space 1536K, 78% used [0x0000000784280000,0x00000007843adfb0,0x0000000784400000)
  to   space 8192K, 0% used [0x0000000783400000,0x0000000783400000,0x0000000783c00000)
 ParOldGen       total 841728K, used 322691K [0x0000000641400000, 0x0000000674a00000, 0x0000000740700000)
  object space 841728K, 38% used [0x0000000641400000,0x0000000654f20c58,0x0000000674a00000)
 Metaspace       used 12256K, capacity 12437K, committed 12544K, reserved 1060864K
  class space    used 1182K, capacity 1251K, committed 1280K, reserved 1048576K
}
Event: 199.934 GC heap before
{Heap before GC invocations=33 (full 4):
 PSYoungGen      total 939520K, used 939191K [0x0000000740700000, 0x0000000784400000, 0x00000007c0000000)
  eden space 937984K, 100% used [0x0000000740700000,0x0000000779b00000,0x0000000779b00000)
  from space 1536K, 78% used [0x0000000784280000,0x00000007843adfb0,0x0000000784400000)
  to   space 8192K, 0% used [0x0000000783400000,0x0000000783400000,0x0000000783c00000)
 ParOldGen       total 841728K, used 322691K [0x0000000641400000, 0x0000000674a00000, 0x0000000740700000)
  object space 841728K, 38% used [0x0000000641400000,0x0000000654f20c58,0x0000000674a00000)
 Metaspace       used 12262K, capacity 12437K, committed 12544K, reserved 1060864K
  class space    used 1182K, capacity 1251K, committed 1280K, reserved 1048576K
Event: 199.937 GC heap after
Heap after GC invocations=33 (full 4):
 PSYoungGen      total 901120K, used 1591K [0x0000000740700000, 0x0000000784300000, 0x00000007c0000000)
  eden space 899072K, 0% used [0x0000000740700000,0x0000000740700000,0x0000000777500000)
  from space 2048K, 77% used [0x0000000783400000,0x000000078358dfb0,0x0000000783600000)
  to   space 7680K, 0% used [0x0000000783b80000,0x0000000783b80000,0x0000000784300000)
 ParOldGen       total 841728K, used 322691K [0x0000000641400000, 0x0000000674a00000, 0x0000000740700000)
  object space 841728K, 38% used [0x0000000641400000,0x0000000654f20c58,0x0000000674a00000)
 Metaspace       used 12262K, capacity 12437K, committed 12544K, reserved 1060864K
  class space    used 1182K, capacity 1251K, committed 1280K, reserved 1048576K
}

